SF:lib\src\common\date_time_extension.dart
DA:2,5
DA:4,5
DA:6,1
DA:7,5
DA:9,1
DA:10,4
DA:12,1
DA:13,2
DA:16,6
DA:17,3
LF:10
LH:10
end_of_record
SF:lib\l10n\generated\intl\messages_all.dart
DA:23,0
DA:24,0
DA:25,0
DA:28,0
DA:30,0
DA:31,0
DA:32,0
DA:33,0
DA:40,0
DA:41,0
DA:42,0
DA:43,0
DA:45,0
DA:47,0
DA:48,0
DA:49,0
DA:50,0
DA:51,0
DA:54,0
DA:56,0
DA:62,0
DA:64,0
DA:66,0
LF:23
LH:0
end_of_record
SF:lib\l10n\generated\intl\messages_de.dart
DA:16,0
DA:21,0
DA:23,0
DA:25,0
DA:28,0
DA:29,0
DA:31,0
DA:33,0
DA:35,0
DA:37,0
DA:39,0
DA:40,0
DA:43,0
DA:44,0
DA:46,0
DA:48,0
DA:50,0
DA:51,0
DA:52,0
DA:53,0
DA:55,0
DA:56,0
DA:58,0
DA:60,0
DA:62,0
DA:64,0
DA:66,0
DA:68,0
DA:70,0
DA:72,0
DA:73,0
DA:75,0
DA:77,0
DA:79,0
DA:81,0
DA:83,0
DA:85,0
DA:87,0
DA:89,0
DA:90,0
DA:91,0
DA:92,0
DA:93,0
DA:95,0
DA:96,0
DA:97,0
DA:99,0
DA:101,0
DA:103,0
DA:105,0
LF:50
LH:0
end_of_record
SF:lib\l10n\generated\intl\messages_en.dart
DA:16,0
DA:21,0
DA:23,0
DA:25,0
DA:28,0
DA:29,0
DA:31,0
DA:33,0
DA:35,0
DA:37,0
DA:39,0
DA:40,0
DA:43,0
DA:44,0
DA:46,0
DA:48,0
DA:50,0
DA:51,0
DA:52,0
DA:53,0
DA:55,0
DA:56,0
DA:58,0
DA:60,0
DA:62,0
DA:64,0
DA:66,0
DA:68,0
DA:70,0
DA:72,0
DA:74,0
DA:75,0
DA:77,0
DA:79,0
DA:81,0
DA:83,0
DA:85,0
DA:87,0
DA:89,0
DA:90,0
DA:92,0
DA:93,0
DA:94,0
DA:96,0
DA:97,0
DA:98,0
DA:100,0
DA:102,0
DA:104,0
DA:105,0
LF:50
LH:0
end_of_record
SF:lib\l10n\generated\l10n.dart
DA:16,0
DA:20,0
DA:21,0
DA:28,0
DA:29,0
DA:30,0
DA:31,0
DA:32,0
DA:33,0
DA:34,0
DA:35,0
DA:42,1
DA:43,1
DA:44,1
DA:49,1
DA:50,1
DA:54,0
DA:55,0
DA:59,0
DA:64,0
DA:65,0
DA:69,0
DA:74,0
DA:75,0
DA:79,0
DA:84,0
DA:85,0
DA:89,0
DA:94,0
DA:95,0
DA:99,0
DA:104,0
DA:105,0
DA:109,0
DA:114,0
DA:115,0
DA:119,0
DA:124,0
DA:125,0
DA:129,0
DA:134,0
DA:135,0
DA:139,0
DA:144,0
DA:145,0
DA:149,0
DA:154,0
DA:155,0
DA:159,0
DA:164,0
DA:165,0
DA:169,0
DA:174,0
DA:175,0
DA:179,0
DA:184,0
DA:185,0
DA:189,0
DA:194,0
DA:195,0
DA:199,0
DA:204,0
DA:205,0
DA:209,0
DA:214,0
DA:215,0
DA:219,0
DA:224,0
DA:225,0
DA:229,0
DA:234,0
DA:235,0
DA:239,0
DA:244,0
DA:245,0
DA:249,0
DA:254,0
DA:255,0
DA:259,0
DA:264,0
DA:265,0
DA:269,0
DA:274,0
DA:275,0
DA:279,0
DA:284,0
DA:285,0
DA:289,0
DA:294,0
DA:295,0
DA:299,0
DA:304,0
DA:305,0
DA:309,0
DA:314,0
DA:315,0
DA:319,0
DA:324,0
DA:325,0
DA:329,0
DA:334,0
DA:335,0
DA:339,0
DA:344,0
DA:345,0
DA:349,0
DA:354,0
DA:355,0
DA:359,0
DA:364,0
DA:365,0
DA:369,0
DA:374,0
DA:375,0
DA:379,0
DA:384,0
DA:385,0
DA:386,0
DA:388,0
DA:389,0
DA:392,0
DA:397,0
DA:399,0
DA:400,0
DA:402,0
DA:403,0
DA:406,0
DA:411,0
DA:412,0
DA:416,0
DA:421,0
DA:422,0
DA:426,0
DA:431,0
DA:432,0
DA:436,0
DA:441,0
DA:442,0
DA:446,0
DA:451,0
DA:452,0
DA:456,0
DA:461,0
DA:462,0
DA:466,0
DA:471,0
DA:472,0
DA:476,0
DA:481,0
DA:482,0
DA:486,0
DA:491,0
DA:492,0
DA:496,0
DA:501,0
DA:502,0
DA:506,0
DA:511,0
DA:512,0
DA:516,0
DA:521,0
DA:522,0
DA:526,0
DA:532,2
DA:534,0
DA:541,0
DA:542,0
DA:543,0
DA:544,0
DA:545,0
DA:548,0
DA:549,0
DA:550,0
LF:173
LH:6
end_of_record
SF:lib\src\common\widget\arrow_back_button.dart
DA:4,1
DA:8,1
DA:10,1
DA:11,1
LF:4
LH:4
end_of_record
SF:lib\src\common\widget\delete_dialog.dart
DA:6,1
DA:7,1
DA:9,1
DA:10,1
DA:11,0
DA:12,0
DA:13,0
DA:14,0
DA:16,0
DA:17,0
DA:18,0
DA:19,0
DA:20,0
DA:21,0
DA:22,0
DA:24,0
DA:25,0
DA:26,0
LF:18
LH:4
end_of_record
SF:lib\src\note_overview\util\note_list_sorter.dart
DA:4,0
DA:5,0
DA:7,0
DA:12,0
DA:16,0
DA:18,0
DA:19,0
DA:20,0
DA:22,0
DA:28,1
DA:29,1
DA:30,2
DA:32,2
DA:33,4
DA:34,4
DA:36,1
LF:16
LH:7
end_of_record
SF:lib\src\settings\bloc\settings_state.dart
DA:6,1
DA:7,2
DA:9,2
DA:13,1
DA:14,1
LF:5
LH:5
end_of_record
SF:lib\src\settings\bloc\settings_event.dart
DA:4,1
DA:10,0
DA:11,0
DA:13,1
LF:4
LH:2
end_of_record
SF:lib\src\settings\bloc\settings_bloc.dart
DA:11,1
DA:13,3
DA:14,2
DA:17,1
DA:18,3
DA:19,4
LF:6
LH:6
end_of_record
